TN:
SF:script/Counter.s.sol
FN:7,CounterScript.setUp
FNDA:0,CounterScript.setUp
FN:9,CounterScript.run
FNDA:0,CounterScript.run
DA:10,0
FNF:2
FNH:0
LF:1
LH:0
BRF:0
BRH:0
end_of_record
TN:
SF:src/Counter.sol
FN:7,Counter.setNumber
FNDA:258,Counter.setNumber
DA:8,258
FN:11,Counter.increment
FNDA:1,Counter.increment
DA:12,1
FNF:2
FNH:2
LF:2
LH:2
BRF:0
BRH:0
end_of_record
TN:
SF:src/Voting.sol
FN:30,Voting.addCandidate
FNDA:2,Voting.addCandidate
DA:31,2
BRDA:31,0,0,1
BRDA:31,0,1,1
DA:32,1
DA:33,1
FN:36,Voting.vote
FNDA:0,Voting.vote
DA:38,0
BRDA:38,1,0,-
BRDA:38,1,1,-
DA:41,0
BRDA:41,2,0,-
BRDA:41,2,1,-
DA:44,0
DA:47,0
DA:50,0
FNF:2
FNH:1
LF:8
LH:3
BRF:6
BRH:2
end_of_record
